Coachpro/Android/Gen/build/outputs/logs/manifest-merger-debug-report.txt
-- Merging decision tree log ---
manifest
ADDED from Android\Gen\AndroidManifest.xml:2:1-3336
INJECTED from Android\Gen\AndroidManifest.xml:2:1-3336
INJECTED from Android\Gen\AndroidManifest.xml:2:1-3336
INJECTED from Android\Gen\AndroidManifest.xml:2:1-3336
MERGED from [com.android.support:support-v4:27.1.1] AndroidManifest.xml:17:1-22:12
MERGED from [com.android.support:appcompat-v7:27.1.1] AndroidManifest.xml:17:1-22:12
MERGED from [com.android.support:support-media-compat:27.1.1] AndroidManifest.xml:17:1-22:12
MERGED from [com.android.support:support-fragment:27.1.1] AndroidManifest.xml:17:1-22:12
MERGED from [com.android.support:animated-vector-drawable:27.1.1] AndroidManifest.xml:17:1-22:12
MERGED from [com.android.support:support-core-ui:27.1.1] AndroidManifest.xml:17:1-22:12
MERGED from [com.android.support:support-core-utils:27.1.1] AndroidManifest.xml:17:1-22:12
MERGED from [com.android.support:support-vector-drawable:27.1.1] AndroidManifest.xml:17:1-22:12
MERGED from [com.android.support:support-compat:27.1.1] AndroidManifest.xml:17:1-22:12
MERGED from [android.arch.lifecycle:runtime:1.1.0] AndroidManifest.xml:17:1-22:12
MERGED from [android.arch.lifecycle:livedata-core:1.1.0] AndroidManifest.xml:17:1-22:12
MERGED from [android.arch.lifecycle:viewmodel:1.1.0] AndroidManifest.xml:17:1-22:12
MERGED from [android.arch.core:runtime:1.1.0] AndroidManifest.xml:17:1-22:12
INJECTED from Android\Gen\AndroidManifest.xml:2:1-3336
INJECTED from Android\Gen\AndroidManifest.xml:2:1-3336
INJECTED from Android\Gen\AndroidManifest.xml:2:1-3336
	package
		ADDED from Android\Gen\AndroidManifest.xml:2:70-102
		INJECTED from Android\Gen\AndroidManifest.xml
		INJECTED from Android\Gen\AndroidManifest.xml
	android:versionName
		ADDED from Android\Gen\AndroidManifest.xml:2:103-133
		INJECTED from Android\Gen\AndroidManifest.xml
		INJECTED from Android\Gen\AndroidManifest.xml
	xmlns:android
		ADDED from Android\Gen\AndroidManifest.xml:2:11-69
	android:versionCode
		ADDED from Android\Gen\AndroidManifest.xml:2:134-158
		INJECTED from Android\Gen\AndroidManifest.xml
		INJECTED from Android\Gen\AndroidManifest.xml
	android:installLocation
		ADDED from Android\Gen\AndroidManifest.xml:2:159-189
application
ADDED from Android\Gen\AndroidManifest.xml:2:190-2569
	android:label
		ADDED from Android\Gen\AndroidManifest.xml:2:265-297
	android:resizeableActivity
		ADDED from Android\Gen\AndroidManifest.xml:2:366-399
	android:largeHeap
		ADDED from Android\Gen\AndroidManifest.xml:2:340-364
	android:icon
		ADDED from Android\Gen\AndroidManifest.xml:2:298-339
	android:usesCleartextTraffic
		ADDED from Android\Gen\AndroidManifest.xml:2:400-435
	android:name
		ADDED from Android\Gen\AndroidManifest.xml:2:203-264
activity#com.masociete.coachpro.wdgen.GWDPCoachpro$WDLanceur
ADDED from Android\Gen\AndroidManifest.xml:2:436-848
	android:label
		ADDED from Android\Gen\AndroidManifest.xml:2:491-523
	android:configChanges
		ADDED from Android\Gen\AndroidManifest.xml:2:593-695
	android:theme
		ADDED from Android\Gen\AndroidManifest.xml:2:524-592
	android:name
		ADDED from Android\Gen\AndroidManifest.xml:2:446-490
intent-filter#action:name:android.intent.action.MAIN+category:name:android.intent.category.LAUNCHER
ADDED from Android\Gen\AndroidManifest.xml:2:696-837
action#android.intent.action.MAIN
ADDED from Android\Gen\AndroidManifest.xml:2:711-762
	android:name
		ADDED from Android\Gen\AndroidManifest.xml:2:719-760
category#android.intent.category.LAUNCHER
ADDED from Android\Gen\AndroidManifest.xml:2:762-821
	android:name
		ADDED from Android\Gen\AndroidManifest.xml:2:772-819
activity#com.masociete.coachpro.wdgen.GWDFmain_fn$WDActiviteFenetre
ADDED from Android\Gen\AndroidManifest.xml:2:848-1087
	android:hardwareAccelerated
		ADDED from Android\Gen\AndroidManifest.xml:2:1050-1085
	android:configChanges
		ADDED from Android\Gen\AndroidManifest.xml:2:910-1012
	android:theme
		ADDED from Android\Gen\AndroidManifest.xml:2:1013-1049
	android:name
		ADDED from Android\Gen\AndroidManifest.xml:2:858-909
uses-library#org.apache.http.legacy
ADDED from Android\Gen\AndroidManifest.xml:2:1087-1165
	android:required
		ADDED from Android\Gen\AndroidManifest.xml:2:1139-1163
	android:name
		ADDED from Android\Gen\AndroidManifest.xml:2:1101-1138
activity#fr.pcsoft.wdjava.ui.activite.WDActivite$BlankActivity
ADDED from Android\Gen\AndroidManifest.xml:2:1165-1353
	xmlns:android
		ADDED from Android\Gen\AndroidManifest.xml:2:1175-1233
	android:theme
		ADDED from Android\Gen\AndroidManifest.xml:2:1303-1351
	android:name
		ADDED from Android\Gen\AndroidManifest.xml:2:1234-1302
activity#fr.pcsoft.wdjava.core.erreur.report.WDErrorReportActivity
ADDED from Android\Gen\AndroidManifest.xml:2:1353-1553
	xmlns:android
		ADDED from Android\Gen\AndroidManifest.xml:2:1363-1421
	android:theme
		ADDED from Android\Gen\AndroidManifest.xml:2:1495-1551
	android:name
		ADDED from Android\Gen\AndroidManifest.xml:2:1422-1494
activity#fr.pcsoft.wdjava.ui.searchbar.WDSearchActivity
ADDED from Android\Gen\AndroidManifest.xml:2:1553-1897
	android:label
		ADDED from Android\Gen\AndroidManifest.xml:2:1684-1716
	xmlns:android
		ADDED from Android\Gen\AndroidManifest.xml:2:1563-1621
	android:name
		ADDED from Android\Gen\AndroidManifest.xml:2:1622-1683
intent-filter#action:name:android.intent.action.SEARCH
ADDED from Android\Gen\AndroidManifest.xml:2:1717-1801
action#android.intent.action.SEARCH
ADDED from Android\Gen\AndroidManifest.xml:2:1732-1785
	android:name
		ADDED from Android\Gen\AndroidManifest.xml:2:1740-1783
meta-data#android.app.searchable
ADDED from Android\Gen\AndroidManifest.xml:2:1801-1886
	android:resource
		ADDED from Android\Gen\AndroidManifest.xml:2:1850-1884
	android:name
		ADDED from Android\Gen\AndroidManifest.xml:2:1812-1849
provider#fr.pcsoft.wdjava.ui.searchbar.WDSearchHistory
ADDED from Android\Gen\AndroidManifest.xml:2:1897-2098
	android:authorities
		ADDED from Android\Gen\AndroidManifest.xml:2:2052-2096
	android:exported
		ADDED from Android\Gen\AndroidManifest.xml:2:2027-2051
	xmlns:android
		ADDED from Android\Gen\AndroidManifest.xml:2:1907-1965
	android:name
		ADDED from Android\Gen\AndroidManifest.xml:2:1966-2026
service#fr.pcsoft.wdjava.core.service.WDServiceLocal
ADDED from Android\Gen\AndroidManifest.xml:2:2098-2168
	android:name
		ADDED from Android\Gen\AndroidManifest.xml:2:2107-2166
meta-data#fr.pcsoft.first_window_name
ADDED from Android\Gen\AndroidManifest.xml:2:2168-2247
	android:value
		ADDED from Android\Gen\AndroidManifest.xml:2:2222-2245
	android:name
		ADDED from Android\Gen\AndroidManifest.xml:2:2179-2221
meta-data#fr.pcsoft.first_window_name_tablet
ADDED from Android\Gen\AndroidManifest.xml:2:2247-2326
	android:value
		ADDED from Android\Gen\AndroidManifest.xml:2:2308-2324
	android:name
		ADDED from Android\Gen\AndroidManifest.xml:2:2258-2307
meta-data#fr.pcsoft.splash_orientation_phone
ADDED from Android\Gen\AndroidManifest.xml:2:2326-2406
	android:value
		ADDED from Android\Gen\AndroidManifest.xml:2:2387-2404
	android:name
		ADDED from Android\Gen\AndroidManifest.xml:2:2337-2386
meta-data#fr.pcsoft.splash_orientation_tablet
ADDED from Android\Gen\AndroidManifest.xml:2:2406-2487
	android:value
		ADDED from Android\Gen\AndroidManifest.xml:2:2468-2485
	android:name
		ADDED from Android\Gen\AndroidManifest.xml:2:2417-2467
meta-data#fr.pcsoft.multidex
ADDED from Android\Gen\AndroidManifest.xml:2:2487-2555
	android:value
		ADDED from Android\Gen\AndroidManifest.xml:2:2532-2553
	android:name
		ADDED from Android\Gen\AndroidManifest.xml:2:2498-2531
uses-sdk
ADDED from Android\Gen\AndroidManifest.xml:2:2569-2637
MERGED from [com.android.support:support-v4:27.1.1] AndroidManifest.xml:20:5-44
MERGED from [com.android.support:support-v4:27.1.1] AndroidManifest.xml:20:5-44
MERGED from [com.android.support:appcompat-v7:27.1.1] AndroidManifest.xml:20:5-44
MERGED from [com.android.support:appcompat-v7:27.1.1] AndroidManifest.xml:20:5-44
MERGED from [com.android.support:support-media-compat:27.1.1] AndroidManifest.xml:20:5-44
MERGED from [com.android.support:support-media-compat:27.1.1] AndroidManifest.xml:20:5-44
MERGED from [com.android.support:support-fragment:27.1.1] AndroidManifest.xml:20:5-44
MERGED from [com.android.support:support-fragment:27.1.1] AndroidManifest.xml:20:5-44
MERGED from [com.android.support:animated-vector-drawable:27.1.1] AndroidManifest.xml:20:5-44
MERGED from [com.android.support:animated-vector-drawable:27.1.1] AndroidManifest.xml:20:5-44
MERGED from [com.android.support:support-core-ui:27.1.1] AndroidManifest.xml:20:5-44
MERGED from [com.android.support:support-core-ui:27.1.1] AndroidManifest.xml:20:5-44
MERGED from [com.android.support:support-core-utils:27.1.1] AndroidManifest.xml:20:5-44
MERGED from [com.android.support:support-core-utils:27.1.1] AndroidManifest.xml:20:5-44
MERGED from [com.android.support:support-vector-drawable:27.1.1] AndroidManifest.xml:20:5-44
MERGED from [com.android.support:support-vector-drawable:27.1.1] AndroidManifest.xml:20:5-44
MERGED from [com.android.support:support-compat:27.1.1] AndroidManifest.xml:20:5-44
MERGED from [com.android.support:support-compat:27.1.1] AndroidManifest.xml:20:5-44
MERGED from [android.arch.lifecycle:runtime:1.1.0] AndroidManifest.xml:20:5-44
MERGED from [android.arch.lifecycle:runtime:1.1.0] AndroidManifest.xml:20:5-44
MERGED from [android.arch.lifecycle:livedata-core:1.1.0] AndroidManifest.xml:20:5-44
MERGED from [android.arch.lifecycle:livedata-core:1.1.0] AndroidManifest.xml:20:5-44
MERGED from [android.arch.lifecycle:viewmodel:1.1.0] AndroidManifest.xml:20:5-44
MERGED from [android.arch.lifecycle:viewmodel:1.1.0] AndroidManifest.xml:20:5-44
MERGED from [android.arch.core:runtime:1.1.0] AndroidManifest.xml:20:5-44
MERGED from [android.arch.core:runtime:1.1.0] AndroidManifest.xml:20:5-44
	android:targetSdkVersion
		ADDED from Android\Gen\AndroidManifest.xml:2:2606-2635
	android:minSdkVersion
		ADDED from Android\Gen\AndroidManifest.xml:2:2579-2605
supports-screens
ADDED from Android\Gen\AndroidManifest.xml:2:2637-2796
	android:largeScreens
		ADDED from Android\Gen\AndroidManifest.xml:2:2712-2739
	android:smallScreens
		ADDED from Android\Gen\AndroidManifest.xml:2:2655-2682
	android:normalScreens
		ADDED from Android\Gen\AndroidManifest.xml:2:2683-2711
	android:xlargeScreens
		ADDED from Android\Gen\AndroidManifest.xml:2:2740-2768
	android:anyDensity
		ADDED from Android\Gen\AndroidManifest.xml:2:2769-2794
uses-permission#android.permission.WRITE_EXTERNAL_STORAGE
ADDED from Android\Gen\AndroidManifest.xml:2:2796-2871
	android:name
		ADDED from Android\Gen\AndroidManifest.xml:2:2813-2869
uses-permission#android.permission.BLUETOOTH_ADMIN
ADDED from Android\Gen\AndroidManifest.xml:2:2871-2939
	android:name
		ADDED from Android\Gen\AndroidManifest.xml:2:2888-2937
uses-permission#android.permission.ACCESS_COARSE_LOCATION
ADDED from Android\Gen\AndroidManifest.xml:2:2939-3014
	android:name
		ADDED from Android\Gen\AndroidManifest.xml:2:2956-3012
uses-permission#android.permission.BLUETOOTH
ADDED from Android\Gen\AndroidManifest.xml:2:3014-3076
	android:name
		ADDED from Android\Gen\AndroidManifest.xml:2:3031-3074
uses-feature#android.hardware.location.network
ADDED from Android\Gen\AndroidManifest.xml:2:3076-3164
	android:required
		ADDED from Android\Gen\AndroidManifest.xml:2:3139-3162
	android:name
		ADDED from Android\Gen\AndroidManifest.xml:2:3090-3138
uses-feature#android.hardware.bluetooth
ADDED from Android\Gen\AndroidManifest.xml:2:3164-3245
	android:required
		ADDED from Android\Gen\AndroidManifest.xml:2:3220-3243
	android:name
		ADDED from Android\Gen\AndroidManifest.xml:2:3178-3219
uses-feature#android.hardware.location
ADDED from Android\Gen\AndroidManifest.xml:2:3245-3325
	android:required
		ADDED from Android\Gen\AndroidManifest.xml:2:3300-3323
	android:name
		ADDED from Android\Gen\AndroidManifest.xml:2:3259-3299